<?xml version="1.0" encoding="UTF-8"?>
<!-- Generated by org.testng.reporters.JUnitXMLReporter -->
<testsuite hostname="IZDT-211" ignored="0" name="Default test" tests="4" failures="0" timestamp="07 Mar 2018 07:19:38 GMT" time="191.613" errors="0">
  <testcase name="renaultwithOutPriceRule" time="27.643" classname="price.rule.testcase.FrontEndRenaultDealerPriceRule"/>
  <testcase name="withPriceRule" time="25.658" classname="price.rule.testcase.FrontEndRenaultDealerPriceRule"/>
  <testcase name="MakePriceRule" time="25.247" classname="price.rule.testcase.FrontEndRenaultDealerPriceRule"/>
  <testcase name="otherMakePriceRule" time="27.776" classname="price.rule.testcase.FrontEndRenaultDealerPriceRule"/>
</testsuite> <!-- Default test -->
