<?xml version="1.0" encoding="UTF-8"?>
<testng-results skipped="0" failed="1" ignored="0" total="1" passed="0">
  <reporter-output>
  </reporter-output>
  <suite name="Default suite" duration-ms="36852" started-at="2018-03-12T09:47:01Z" finished-at="2018-03-12T09:47:38Z">
    <groups>
    </groups>
    <test name="Default test" duration-ms="36852" started-at="2018-03-12T09:47:01Z" finished-at="2018-03-12T09:47:38Z">
      <class name="price.rule.testcase.FrontEndInActivePriceRule">
        <test-method status="PASS" signature="frontendReports()[pri:0, instance:price.rule.testcase.FrontEndInActivePriceRule@42e26948]" name="frontendReports" is-config="true" duration-ms="282" started-at="2018-03-12T09:47:01Z" finished-at="2018-03-12T09:47:01Z">
          <reporter-output>
          </reporter-output>
        </test-method> <!-- frontendReports -->
        <test-method status="FAIL" signature="withoutIsPrimary()[pri:19, instance:price.rule.testcase.FrontEndInActivePriceRule@42e26948]" name="withoutIsPrimary" duration-ms="35703" started-at="2018-03-12T09:47:01Z" finished-at="2018-03-12T09:47:37Z">
          <exception class="java.lang.NullPointerException">
            <full-stacktrace>
              <![CDATA[java.lang.NullPointerException
at sun.reflect.NativeMethodAccessorImpl.invoke0(Native Method)
at sun.reflect.NativeMethodAccessorImpl.invoke(NativeMethodAccessorImpl.java:62)
at sun.reflect.DelegatingMethodAccessorImpl.invoke(DelegatingMethodAccessorImpl.java:43)
at java.lang.reflect.Method.invoke(Method.java:497)
at org.openqa.selenium.support.pagefactory.internal.LocatingElementHandler.invoke(LocatingElementHandler.java:51)
at com.sun.proxy.$Proxy9.click(Unknown Source)
at price.rule.front.sc.InventoryForm.withousIsPrimary(InventoryForm.java:97)
at price.rule.testcase.FrontEndInActivePriceRule.withoutIsPrimary(FrontEndInActivePriceRule.java:92)
at sun.reflect.NativeMethodAccessorImpl.invoke0(Native Method)
at sun.reflect.NativeMethodAccessorImpl.invoke(NativeMethodAccessorImpl.java:62)
at sun.reflect.DelegatingMethodAccessorImpl.invoke(DelegatingMethodAccessorImpl.java:43)
at java.lang.reflect.Method.invoke(Method.java:497)
at org.testng.internal.MethodInvocationHelper.invokeMethod(MethodInvocationHelper.java:124)
at org.testng.internal.Invoker.invokeMethod(Invoker.java:580)
at org.testng.internal.Invoker.invokeTestMethod(Invoker.java:716)
at org.testng.internal.Invoker.invokeTestMethods(Invoker.java:988)
at org.testng.internal.TestMethodWorker.invokeTestMethods(TestMethodWorker.java:125)
at org.testng.internal.TestMethodWorker.run(TestMethodWorker.java:109)
at org.testng.TestRunner.privateRun(TestRunner.java:648)
at org.testng.TestRunner.run(TestRunner.java:505)
at org.testng.SuiteRunner.runTest(SuiteRunner.java:455)
at org.testng.SuiteRunner.runSequentially(SuiteRunner.java:450)
at org.testng.SuiteRunner.privateRun(SuiteRunner.java:415)
at org.testng.SuiteRunner.run(SuiteRunner.java:364)
at org.testng.SuiteRunnerWorker.runSuite(SuiteRunnerWorker.java:52)
at org.testng.SuiteRunnerWorker.run(SuiteRunnerWorker.java:84)
at org.testng.TestNG.runSuitesSequentially(TestNG.java:1208)
at org.testng.TestNG.runSuitesLocally(TestNG.java:1137)
at org.testng.TestNG.runSuites(TestNG.java:1049)
at org.testng.TestNG.run(TestNG.java:1017)
at org.testng.remote.AbstractRemoteTestNG.run(AbstractRemoteTestNG.java:114)
at org.testng.remote.RemoteTestNG.initAndRun(RemoteTestNG.java:251)
at org.testng.remote.RemoteTestNG.main(RemoteTestNG.java:77)
]]>
            </full-stacktrace>
          </exception> <!-- java.lang.NullPointerException -->
          <reporter-output>
          </reporter-output>
        </test-method> <!-- withoutIsPrimary -->
        <test-method status="PASS" signature="closeBrowser()[pri:0, instance:price.rule.testcase.FrontEndInActivePriceRule@42e26948]" name="closeBrowser" is-config="true" duration-ms="839" started-at="2018-03-12T09:47:37Z" finished-at="2018-03-12T09:47:38Z">
          <reporter-output>
          </reporter-output>
        </test-method> <!-- closeBrowser -->
      </class> <!-- price.rule.testcase.FrontEndInActivePriceRule -->
    </test> <!-- Default test -->
  </suite> <!-- Default suite -->
</testng-results>
