<?xml version="1.0" encoding="UTF-8"?>
<testng-results skipped="0" failed="0" ignored="0" total="2" passed="2">
  <reporter-output>
  </reporter-output>
  <suite name="Default suite" duration-ms="16537" started-at="2018-03-12T05:52:20Z" finished-at="2018-03-12T05:52:36Z">
    <groups>
    </groups>
    <test name="Default test" duration-ms="16537" started-at="2018-03-12T05:52:20Z" finished-at="2018-03-12T05:52:36Z">
      <class name="price.rule.testcase.ExpiredpriceRule">
        <test-method status="PASS" signature="reports()[pri:0, instance:price.rule.testcase.ExpiredpriceRule@1794d431]" name="reports" is-config="true" duration-ms="130" started-at="2018-03-12T05:52:20Z" finished-at="2018-03-12T05:52:20Z">
          <reporter-output>
          </reporter-output>
        </test-method> <!-- reports -->
        <test-method status="PASS" signature="loginSc()[pri:1, instance:price.rule.testcase.ExpiredpriceRule@1794d431]" name="loginSc" duration-ms="11261" started-at="2018-03-12T05:52:20Z" finished-at="2018-03-12T05:52:31Z">
          <reporter-output>
          </reporter-output>
        </test-method> <!-- loginSc -->
        <test-method status="PASS" signature="deletePriceRule()[pri:2, instance:price.rule.testcase.ExpiredpriceRule@1794d431]" name="deletePriceRule" duration-ms="5131" started-at="2018-03-12T05:52:31Z" finished-at="2018-03-12T05:52:36Z">
          <reporter-output>
          </reporter-output>
        </test-method> <!-- deletePriceRule -->
      </class> <!-- price.rule.testcase.ExpiredpriceRule -->
    </test> <!-- Default test -->
  </suite> <!-- Default suite -->
</testng-results>
